<?xml version="1.0" encoding="UTF-8"?>
<!-- Generated by org.testng.reporters.JUnitXMLReporter -->
<testsuite hostname="DESKTOP-0DN2FRH" ignored="0" name="Validating Navigation in the page" tests="1" failures="0" timestamp="17 Dec 2018 23:48:05 GMT" time="0.017" errors="0">
  <testcase name="@BeforeTest initialize" time="0.001" classname="GlobalKineticAssessment.validateTitle">
    <failure type="java.io.FileNotFoundException" message="C:\Users\Private\GK_qaclickacademy\src\main\java\GlobalKineticAssessment\data.properties (The system cannot find the file specified)">
      <![CDATA[java.io.FileNotFoundException: C:\Users\Private\GK_qaclickacademy\src\main\java\GlobalKineticAssessment\data.properties (The system cannot find the file specified)
at java.io.FileInputStream.open0(Native Method)
at java.io.FileInputStream.open(Unknown Source)
at java.io.FileInputStream.<init>(Unknown Source)
at java.io.FileInputStream.<init>(Unknown Source)
at resources.base.initializeDriver(base.java:25)
at GlobalKineticAssessment.validateTitle.initialize(validateTitle.java:22)
... Removed 24 stack frames]]>
    </failure>
  </testcase> <!-- @BeforeTest initialize -->
  <testcase name="@AfterTest teardown" time="0.0" classname="GlobalKineticAssessment.validateTitle">
    <skipped/>
  </testcase> <!-- @AfterTest teardown -->
  <testcase name="TravelNavigation" time="0.0" classname="GlobalKineticAssessment.validateTitle">
    <skipped/>
  </testcase> <!-- TravelNavigation -->
</testsuite> <!-- Validating Navigation in the page -->
